#
# There is insufficient memory for the Java Runtime Environment to continue.
# Native memory allocation (mmap) failed to map 65011712 bytes for G1 virtual space
# Possible reasons:
#   The system is out of physical RAM or swap space
#   The process is running with CompressedOops enabled, and the Java Heap may be blocking the growth of the native heap
# Possible solutions:
#   Reduce memory load on the system
#   Increase physical memory or swap space
#   Check if swap backing store is full
#   Decrease Java heap size (-Xmx/-Xms)
#   Decrease number of Java threads
#   Decrease Java thread stack sizes (-Xss)
#   Set larger code cache with -XX:ReservedCodeCacheSize=
#   JVM is running with Unscaled Compressed Oops mode in which the Java heap is
#     placed in the first 4GB address space. The Java Heap base address is the
#     maximum limit for the native heap growth. Please use -XX:HeapBaseMinAddress
#     to set the Java Heap base and to place the Java Heap above 4GB virtual address.
# This output file may be truncated or incomplete.
#
#  Out of Memory Error (os_windows.cpp:3559), pid=19700, tid=20112
#
# JRE version:  (17.0.7+7) (build )
# Java VM: OpenJDK 64-Bit Server VM (17.0.7+7, mixed mode, sharing, tiered, compressed oops, compressed class ptrs, g1 gc, windows-amd64)
# No core dump will be written. Minidumps are not enabled by default on client versions of Windows
#

---------------  S U M M A R Y ------------

Command Line: -Dfile.encoding=UTF-8 -XX:+ShowCodeDetailsInExceptionMessages com.test.UserTest

Host: Intel(R) Core(TM) i3-1005G1 CPU @ 1.20GHz, 4 cores, 3G,  Windows 11 , 64 bit Build 22621 (10.0.22621.2215)
Time: Wed Oct 11 16:55:42 2023 India Standard Time elapsed time: 0.027240 seconds (0d 0h 0m 0s)

---------------  T H R E A D  ---------------

Current thread (0x000002105cb57620):  JavaThread "Unknown thread" [_thread_in_vm, id=20112, stack(0x000000309af00000,0x000000309b000000)]

Stack: [0x000000309af00000,0x000000309b000000]
Native frames: (J=compiled Java code, j=interpreted, Vv=VM code, C=native code)
V  [jvm.dll+0x67754a]
V  [jvm.dll+0x834304]
V  [jvm.dll+0x835aae]
V  [jvm.dll+0x836113]
V  [jvm.dll+0x24696f]
V  [jvm.dll+0x6743f9]
V  [jvm.dll+0x668c8a]
V  [jvm.dll+0x3061bb]
V  [jvm.dll+0x30d6a6]
V  [jvm.dll+0x35cece]
V  [jvm.dll+0x35d0ff]
V  [jvm.dll+0x2dd048]
V  [jvm.dll+0x2ddfb4]
V  [jvm.dll+0x8066d1]
V  [jvm.dll+0x36ac91]
V  [jvm.dll+0x7e5cec]
V  [jvm.dll+0x3ed56f]
V  [jvm.dll+0x3ef0a1]
C  [jli.dll+0x528b]
C  [ucrtbase.dll+0x29363]
C  [KERNEL32.DLL+0x1257d]
C  [ntdll.dll+0x5aa68]


---------------  P R O C E S S  ---------------

Threads class SMR info:
_java_thread_list=0x00007ffa81217018, length=0, elements={
}

Java Threads: ( => current thread )

Other Threads:
  0x000002105cb940a0 GCTaskThread "GC Thread#0" [stack: 0x000000309b000000,0x000000309b100000] [id=7108]
  0x000002105cb9d8b0 ConcurrentGCThread "G1 Main Marker" [stack: 0x000000309b100000,0x000000309b200000] [id=15808]
  0x000002105cb9f070 ConcurrentGCThread "G1 Conc#0" [stack: 0x000000309b200000,0x000000309b300000] [id=20040]

[error occurred during error reporting (printing all threads), id 0xc0000005, EXCEPTION_ACCESS_VIOLATION (0xc0000005) at pc=0x00007ffa809edaf7]

VM state: not at safepoint (not fully initialized)

VM Mutex/Monitor currently owned by a thread:  ([mutex/lock_event])
[0x000002105cb53d10] Heap_lock - owner thread: 0x000002105cb57620

Heap address: 0x00000000c3a00000, size: 966 MB, Compressed Oops mode: 32-bit

CDS archive(s) mapped at: [0x0000000000000000-0x0000000000000000-0x0000000000000000), size 0, SharedBaseAddress: 0x0000000800000000, ArchiveRelocationMode: 0.
Narrow klass base: 0x0000000000000000, Narrow klass shift: 0, Narrow klass range: 0x0

GC Precious Log:
<Empty>

Heap:
 garbage-first heap   total 0K, used 0K [0x00000000c3a00000, 0x0000000100000000)
  region size 1024K, 0 young (0K), 0 survivors (0K)

[error occurred during error reporting (printing heap information), id 0xc0000005, EXCEPTION_ACCESS_VIOLATION (0xc0000005) at pc=0x00007ffa80dd0db9]

GC Heap History (0 events):
No events

Dll operation events (1 events):
Event: 0.017 Loaded shared library C:\Users\KESHAV\Downloads\eclipse-jee-2023-06-R-win32-x86_64\eclipse\plugins\org.eclipse.justj.openjdk.hotspot.jre.full.win32.x86_64_17.0.7.v20230425-1502\jre\bin\java.dll

Deoptimization events (0 events):
No events

Classes unloaded (0 events):
No events

Classes redefined (0 events):
No events

Internal exceptions (0 events):
No events

VM Operations (0 events):
No events

Events (0 events):
No events


Dynamic libraries:
0x00007ff632970000 - 0x00007ff63297e000 	C:\Users\KESHAV\Downloads\eclipse-jee-2023-06-R-win32-x86_64\eclipse\plugins\org.eclipse.justj.openjdk.hotspot.jre.full.win32.x86_64_17.0.7.v20230425-1502\jre\bin\javaw.exe
0x00007ffaf2050000 - 0x00007ffaf2264000 	C:\WINDOWS\SYSTEM32\ntdll.dll
0x00007ffaf1060000 - 0x00007ffaf1124000 	C:\WINDOWS\System32\KERNEL32.DLL
0x00007ffaef630000 - 0x00007ffaef9d4000 	C:\WINDOWS\System32\KERNELBASE.dll
0x00007ffaef9e0000 - 0x00007ffaefaf1000 	C:\WINDOWS\System32\ucrtbase.dll
0x00007ffacdaf0000 - 0x00007ffacdb07000 	C:\Users\KESHAV\Downloads\eclipse-jee-2023-06-R-win32-x86_64\eclipse\plugins\org.eclipse.justj.openjdk.hotspot.jre.full.win32.x86_64_17.0.7.v20230425-1502\jre\bin\jli.dll
0x00007ffacd0f0000 - 0x00007ffacd109000 	C:\Users\KESHAV\Downloads\eclipse-jee-2023-06-R-win32-x86_64\eclipse\plugins\org.eclipse.justj.openjdk.hotspot.jre.full.win32.x86_64_17.0.7.v20230425-1502\jre\bin\VCRUNTIME140.dll
0x00007ffaefde0000 - 0x00007ffaeff8e000 	C:\WINDOWS\System32\USER32.dll
0x00007ffaefdb0000 - 0x00007ffaefdd6000 	C:\WINDOWS\System32\win32u.dll
0x00007ffaf1fe0000 - 0x00007ffaf2009000 	C:\WINDOWS\System32\GDI32.dll
0x00007ffaef470000 - 0x00007ffaef588000 	C:\WINDOWS\System32\gdi32full.dll
0x00007ffadc0e0000 - 0x00007ffadc373000 	C:\WINDOWS\WinSxS\amd64_microsoft.windows.common-controls_6595b64144ccf1df_6.0.22621.2215_none_270d72677387dfc3\COMCTL32.dll
0x00007ffaef590000 - 0x00007ffaef62a000 	C:\WINDOWS\System32\msvcp_win.dll
0x00007ffaf0010000 - 0x00007ffaf00b7000 	C:\WINDOWS\System32\msvcrt.dll
0x00007ffaf1020000 - 0x00007ffaf1051000 	C:\WINDOWS\System32\IMM32.DLL
0x00007ffacc240000 - 0x00007ffacc24c000 	C:\Users\KESHAV\Downloads\eclipse-jee-2023-06-R-win32-x86_64\eclipse\plugins\org.eclipse.justj.openjdk.hotspot.jre.full.win32.x86_64_17.0.7.v20230425-1502\jre\bin\vcruntime140_1.dll
0x00007ffab1230000 - 0x00007ffab12c1000 	C:\Users\KESHAV\Downloads\eclipse-jee-2023-06-R-win32-x86_64\eclipse\plugins\org.eclipse.justj.openjdk.hotspot.jre.full.win32.x86_64_17.0.7.v20230425-1502\jre\bin\msvcp140.dll
0x00007ffa80700000 - 0x00007ffa81348000 	C:\Users\KESHAV\Downloads\eclipse-jee-2023-06-R-win32-x86_64\eclipse\plugins\org.eclipse.justj.openjdk.hotspot.jre.full.win32.x86_64_17.0.7.v20230425-1502\jre\bin\server\jvm.dll
0x00007ffaf1580000 - 0x00007ffaf1630000 	C:\WINDOWS\System32\ADVAPI32.dll
0x00007ffaf1350000 - 0x00007ffaf13f6000 	C:\WINDOWS\System32\sechost.dll
0x00007ffaf1630000 - 0x00007ffaf1747000 	C:\WINDOWS\System32\RPCRT4.dll
0x00007ffaec270000 - 0x00007ffaec279000 	C:\WINDOWS\SYSTEM32\WSOCK32.dll
0x00007ffaf1130000 - 0x00007ffaf11a1000 	C:\WINDOWS\System32\WS2_32.dll
0x00007ffada630000 - 0x00007ffada664000 	C:\WINDOWS\SYSTEM32\WINMM.dll
0x00007ffae9050000 - 0x00007ffae905a000 	C:\WINDOWS\SYSTEM32\VERSION.dll
0x00007ffaee400000 - 0x00007ffaee418000 	C:\WINDOWS\SYSTEM32\kernel.appcore.dll
0x00007ffaec2b0000 - 0x00007ffaec2ba000 	C:\Users\KESHAV\Downloads\eclipse-jee-2023-06-R-win32-x86_64\eclipse\plugins\org.eclipse.justj.openjdk.hotspot.jre.full.win32.x86_64_17.0.7.v20230425-1502\jre\bin\jimage.dll
0x00007ffaeccd0000 - 0x00007ffaecefe000 	C:\WINDOWS\SYSTEM32\DBGHELP.DLL
0x00007ffaf09f0000 - 0x00007ffaf0d7a000 	C:\WINDOWS\System32\combase.dll
0x00007ffaf0dd0000 - 0x00007ffaf0ea7000 	C:\WINDOWS\System32\OLEAUT32.dll
0x00007ffada5a0000 - 0x00007ffada5d2000 	C:\WINDOWS\SYSTEM32\dbgcore.DLL
0x00007ffaefd30000 - 0x00007ffaefdaa000 	C:\WINDOWS\System32\bcryptPrimitives.dll
0x00007ffad4580000 - 0x00007ffad45a5000 	C:\Users\KESHAV\Downloads\eclipse-jee-2023-06-R-win32-x86_64\eclipse\plugins\org.eclipse.justj.openjdk.hotspot.jre.full.win32.x86_64_17.0.7.v20230425-1502\jre\bin\java.dll

dbghelp: loaded successfully - version: 4.0.5 - missing functions: none
symbol engine: initialized successfully - sym options: 0x614 - pdb path: .;C:\Users\KESHAV\Downloads\eclipse-jee-2023-06-R-win32-x86_64\eclipse\plugins\org.eclipse.justj.openjdk.hotspot.jre.full.win32.x86_64_17.0.7.v20230425-1502\jre\bin;C:\WINDOWS\SYSTEM32;C:\WINDOWS\WinSxS\amd64_microsoft.windows.common-controls_6595b64144ccf1df_6.0.22621.2215_none_270d72677387dfc3;C:\Users\KESHAV\Downloads\eclipse-jee-2023-06-R-win32-x86_64\eclipse\plugins\org.eclipse.justj.openjdk.hotspot.jre.full.win32.x86_64_17.0.7.v20230425-1502\jre\bin\server

VM Arguments:
jvm_args: -Dfile.encoding=UTF-8 -XX:+ShowCodeDetailsInExceptionMessages 
java_command: com.test.UserTest
java_class_path (initial): C:\Users\KESHAV\eclipse-workspace\DeveloperProject\bin;C:\Users\KESHAV\Downloads\Telegram Desktop\mysql-connector-java-8.0.16.jar
Launcher Type: SUN_STANDARD

[Global flags]
     intx CICompilerCount                          = 3                                         {product} {ergonomic}
     uint ConcGCThreads                            = 1                                         {product} {ergonomic}
     uint G1ConcRefinementThreads                  = 4                                         {product} {ergonomic}
   size_t G1HeapRegionSize                         = 1048576                                   {product} {ergonomic}
    uintx GCDrainStackTargetSize                   = 64                                        {product} {ergonomic}
   size_t InitialHeapSize                          = 65011712                                  {product} {ergonomic}
   size_t MarkStackSize                            = 4194304                                   {product} {ergonomic}
   size_t MaxHeapSize                              = 1012924416                                {product} {ergonomic}
   size_t MinHeapDeltaBytes                        = 1048576                                   {product} {ergonomic}
   size_t MinHeapSize                              = 8388608                                   {product} {ergonomic}
    uintx NonNMethodCodeHeapSize                   = 5832780                                {pd product} {ergonomic}
    uintx NonProfiledCodeHeapSize                  = 122912730                              {pd product} {ergonomic}
    uintx ProfiledCodeHeapSize                     = 122912730                              {pd product} {ergonomic}
    uintx ReservedCodeCacheSize                    = 251658240                              {pd product} {ergonomic}
     bool SegmentedCodeCache                       = true                                      {product} {ergonomic}
     bool ShowCodeDetailsInExceptionMessages       = true                                   {manageable} {command line}
   size_t SoftMaxHeapSize                          = 1012924416                             {manageable} {ergonomic}
     bool UseCompressedClassPointers               = true                           {product lp64_product} {ergonomic}
     bool UseCompressedOops                        = true                           {product lp64_product} {ergonomic}
     bool UseG1GC                                  = true                                      {product} {ergonomic}
     bool UseLargePagesIndividualAllocation        = false                                  {pd product} {ergonomic}

Logging:
Log output configuration:
 #0: stdout all=warning uptime,level,tags
 #1: stderr all=off uptime,level,tags

Environment Variables:
PATH=C:/Users/KESHAV/Downloads/eclipse-jee-2023-06-R-win32-x86_64/eclipse//plugins/org.eclipse.justj.openjdk.hotspot.jre.full.win32.x86_64_17.0.7.v20230425-1502/jre/bin/server;C:/Users/KESHAV/Downloads/eclipse-jee-2023-06-R-win32-x86_64/eclipse//plugins/org.eclipse.justj.openjdk.hotspot.jre.full.win32.x86_64_17.0.7.v20230425-1502/jre/bin;C:\WINDOWS\system32;C:\WINDOWS;C:\WINDOWS\System32\Wbem;C:\WINDOWS\System32\WindowsPowerShell\v1.0\;C:\WINDOWS\System32\OpenSSH\;C:\Program Files\dotnet\;C:\Program Files\Git\cmd;C:\Program Files (x86)\nodejs\;C:\Program Files\MySQL\MySQL Shell 8.0\bin\;C:\Users\KESHAV\AppData\Local\Microsoft\WindowsApps;;C:\Program Files\JetBrains\IntelliJ IDEA Community Edition 2022.2\bin;;C:\Users\KESHAV\AppData\Local\Programs\Microsoft VS Code\bin;C:\Users\KESHAV\AppData\Local\Programs\Hyper\resources\bin;C:\Users\KESHAV\AppData\Roaming\npm;C:\Program Files\heroku\bin;C:\Users\KESHAV\Desktop\newsletter-signup\bin;C:\Users\KESHAV\Downloads\eclipse-jee-2023-06-R-win32-x86_64\eclipse;
USERNAME=KESHAV
OS=Windows_NT
PROCESSOR_IDENTIFIER=Intel64 Family 6 Model 126 Stepping 5, GenuineIntel
TMP=C:\Users\KESHAV\AppData\Local\Temp
TEMP=C:\Users\KESHAV\AppData\Local\Temp



---------------  S Y S T E M  ---------------

OS:
 Windows 11 , 64 bit Build 22621 (10.0.22621.2215)
OS uptime: 0 days 8:59 hours

CPU: total 4 (initial active 4) (2 cores per cpu, 2 threads per core) family 6 model 126 stepping 5 microcode 0xbc, cx8, cmov, fxsr, ht, mmx, 3dnowpref, sse, sse2, sse3, ssse3, sse4.1, sse4.2, popcnt, lzcnt, tsc, tscinvbit, avx, avx2, aes, erms, clmul, bmi1, bmi2, adx, avx512f, avx512dq, avx512cd, avx512bw, avx512vl, sha, fma, vzeroupper, avx512_vpopcntdq, avx512_vpclmulqdq, avx512_vaes, avx512_vnni, clflush, clflushopt, avx512_vbmi2, avx512_vbmi

Memory: 4k page, system-wide physical 3863M (236M free)
TotalPageFile size 15639M (AvailPageFile size 49M)
current process WorkingSet (physical memory assigned to process): 10M, peak: 10M
current process commit charge ("private bytes"): 51M, peak: 113M

vm_info: OpenJDK 64-Bit Server VM (17.0.7+7) for windows-amd64 JRE (17.0.7+7), built on Apr 18 2023 22:10:42 by "temurin" with MS VC++ 16.7 (VS2019)

END.
